start downloading news from websites...2019-03-11 18:25:17.153897
collect_AL_news
collect_AP_news
collect_ccin_news
报告：化学工业为全球GDP做出5.7万亿美元贡献  　　was added at 2019-03-11 18:25:26.724379
油价回升，地炼并未“多收三五斗”was added at 2019-03-11 18:25:26.739866
collect_china_hydrogen_news
collect_cnpgn_news
鲁西集团首个海外LNG气化站项目投运成功was added at 2019-03-11 18:25:28.443035
collect_gasworld_news
collect_linde_healthcare_and_engineering_news
collect_linde_news
collect_praxair_news
collect_teqi123_news
news collection finished at 2019-03-11 18:26:11.747630
start get BaiduNews...,now is 2019-03-11 18:26:11.747630
坦桑尼亚液化天然气项目重启谈判 was added at 2019-03-11 18:26:40.536693, comes from 液化天然气
电机已经落伍?奥迪将加大氢燃料电池投入 was added at 2019-03-11 18:26:40.552347, comes from 燃料电池
...东风悦达起亚董事长王连春:东风悦达起亚力争走在氢燃料电池... was added at 2019-03-11 18:26:40.568219, comes from 燃料电池
中通客车董事长李树朋:加快氢燃料电池汽车推广 was added at 2019-03-11 18:26:40.591593, comes from 燃料电池
谭旭光:氢燃料电池汽车不能一哄而上 更不要对柴油车有偏见 was added at 2019-03-11 18:26:40.607046, comes from 燃料电池
产业升温 但燃料电池车申报持续下滑 was added at 2019-03-11 18:26:40.614880, comes from 燃料电池
阿坝325*8无缝镀锌钢管厂家报价 was added at 2019-03-11 18:26:40.638258, comes from 氪气
西门子制定针对供应商的网络信息安全约束性要求 was added at 2019-03-11 18:26:40.653967, comes from 西门子
河钢西门子增材制造战略合作协议签署暨项目启动仪式举行 was added at 2019-03-11 18:26:40.661656, comes from 西门子
get baidu.com news finished, now is 2019-03-11 18:26:40.685090
start downloading news from websites...2019-03-13 14:56:11.816840
collect_AL_news
collect_AP_news
collect_ccin_news
collect_china_hydrogen_news
以更便宜的方式从甲烷中生产氢气was added at 2019-03-13 14:57:02.621628
以更便宜的方式从甲烷中生产氢气was added at 2019-03-13 14:57:02.637137
核“能”制氢 你知道吗？was added at 2019-03-13 14:57:02.652722
王凤英：聚焦氢能基础设施建设和中国品牌全was added at 2019-03-13 14:57:02.668611
科学家正努力给燃料电池建“高速公路”was added at 2019-03-13 14:57:02.676318
海克斯康获液化空气储氢罐订单was added at 2019-03-13 14:57:02.691826
丰田燃料电池为渔船供电was added at 2019-03-13 14:57:02.699643
加州2018年氢能报告was added at 2019-03-13 14:57:02.715244
PowerCell收到两个MS-100订单was added at 2019-03-13 14:57:02.730865
collect_cnpgn_news
关键节点 | 杭州福斯达多个空分项目最新进展！was added at 2019-03-13 14:57:12.910580
美迪宇能成功中标香港政府制氧工程was added at 2019-03-13 14:57:12.926229
collect_gasworld_news
collect_linde_healthcare_and_engineering_news
collect_linde_news
collect_praxair_news
collect_teqi123_news
news collection finished at 2019-03-13 14:58:35.551286
start get BaiduNews...,now is 2019-03-13 14:58:35.551286
[超级新闻场]安全提示:自热火锅安全吗?加热释放氢气 密闭空间慎用 was added at 2019-03-13 15:05:23.418430, comes from 氢气
日本政府拟建“氢社会” 公布氢能源利用进度表 was added at 2019-03-13 15:05:23.426174, comes from 氢
电动车补贴退坡板上钉钉,自主品牌新圈钱方向会是氢燃料汽车吗? was added at 2019-03-13 15:05:23.441822, comes from 氢
钯催化碳-氢羰基化反应获进展 was added at 2019-03-13 15:05:23.449592, comes from 氢
两会代表声音:大力发展氢燃料电池 清洁商用车或成大势所趋 was added at 2019-03-13 15:05:23.465218, comes from 氢
双筒充氮防水望远镜,透光率约99.5% was added at 2019-03-13 15:05:23.473069, comes from 氮
“好数字”还要落实好|政府工作报告_新浪财经_新浪网 was added at 2019-03-13 15:05:23.488723, comes from 氮
【热点关注】农产品“两张网”收获稳稳的销售量 was added at 2019-03-13 15:05:23.504291, comes from 氮
“虎式服务新10项”玩转途虎轮胎节 was added at 2019-03-13 15:05:23.512109, comes from 氮
贵!24克拉黄金大汉堡长啥样?_手机网易网 was added at 2019-03-13 15:05:23.527839, comes from 氮
历史上真的有冰雪地球吗? was added at 2019-03-13 15:05:23.535880, comes from 氮
它,来自太阳,人类却在月亮上继续找它 was added at 2019-03-13 15:05:23.551185, comes from 氩
灰铸铁与碳钢的焊条电弧焊冷焊法 was added at 2019-03-13 15:05:23.559066, comes from 氩
烛式过滤机多少钱_上海钊妍过滤设备 was added at 2019-03-13 15:05:23.574598, comes from 氩
陕钢汉钢“巧法妙招”助力降本增效 was added at 2019-03-13 15:05:23.582543, comes from 氩
戒毒所里免费学技能 was added at 2019-03-13 15:05:23.590312, comes from 氩
它,来自太阳,人类却在月亮上继续找它 was added at 2019-03-13 15:05:23.606058, comes from 氩气
陕钢汉钢“巧法妙招”助力降本增效 was added at 2019-03-13 15:05:23.613751, comes from 氩气
专业百叶窗型材开模定制 was added at 2019-03-13 15:05:23.621510, comes from 氩气
打造粤港澳大湾区先进制造业中心 was added at 2019-03-13 15:05:23.637301, comes from 工业气体
约克仪器携手加拿大Boreal Laser公司最新推出原位抽取式激光气体... was added at 2019-03-13 15:05:23.644998, comes from 气体
国家重点研发计划“高效节能气体制备关键技术及其应用”项目中期... was added at 2019-03-13 15:05:23.652768, comes from 气体
【IBS2019 展商风采】气体专家冰得解读―气体流量测量和控制研究... was added at 2019-03-13 15:05:23.668448, comes from 气体
网红自热锅有爆燃风险!沪消保委测试:锅底严重变形 遇水释放气体 was added at 2019-03-13 15:05:23.684182, comes from 气体
3月12日液化天然气商品指数为99.25 was added at 2019-03-13 15:05:23.691790, comes from 液化天然气
宁夏前首富“闹钱荒”:百亿煤化工项目缩水后仍现巨额资金缺口 was added at 2019-03-13 15:05:23.699605, comes from 煤化工
鄂尔多斯推动煤化工精深化发展 was added at 2019-03-13 15:05:23.715249, comes from 煤化工
打造粤港澳大湾区先进制造业中心 was added at 2019-03-13 15:05:23.723122, comes from 梅塞尔
铁铂催化剂能在寒冷天气下保持燃料电池的清洁 was added at 2019-03-13 15:05:23.730938, comes from 燃料电池
国内首家燃料电池空压机性能和耐久实验中心成立 was added at 2019-03-13 15:05:23.746464, comes from 燃料电池
丰田氢燃料电池月球车2029年发射升空,米其林成立氢能源公司 was added at 2019-03-13 15:05:23.754283, comes from 燃料电池
燃料电池板块拉升走强 八菱科技领涨 was added at 2019-03-13 15:05:23.769914, comes from 燃料电池
陕钢汉钢“巧法妙招”助力降本增效 was added at 2019-03-13 15:05:23.777742, comes from 液氩
它,来自太阳,人类却在月亮上继续找它-每日科技网_科技小制作,科技... was added at 2019-03-13 15:05:23.785557, comes from 液氦
悲情宫廷:苏格兰女王与法国王后为何"一夜白头"? was added at 2019-03-13 15:05:23.801195, comes from 氨
3月13日新股提示:青农商行、新诺威申购 每日互动公布中签率 was added at 2019-03-13 15:05:23.848051, comes from 氨
ST河化去年营收2.31亿同比增5% 董事长施伟光未在公司领取报酬 was added at 2019-03-13 15:05:23.855860, comes from 氨
省生态环境厅深入九江市永修县、庐山西海调研生态环境保护工作 was added at 2019-03-13 15:05:23.863717, comes from 氨
我国科学家研发出研究细胞间相互作用的原位捕获新方法 was added at 2019-03-13 15:05:23.879297, comes from 氨
小朱跑两会丨推进节能提效降低用能成本 was added at 2019-03-13 15:05:23.887113, comes from 氨
《名师来了》第二期将走进合肥梦园小学 中科院博士带孩子们感受... was added at 2019-03-13 15:05:23.894927, comes from 膨胀机
跑马配速不可能比间歇跑快 为什么还要练间歇跑? was added at 2019-03-13 15:05:23.910589, comes from oxygen
两会热议煤炭清洁利用:“不是建几个项目、工厂就能解决的问题” was added at 2019-03-13 15:05:23.918511, comes from 碳捕集
奔驰GLC300报价解读 改款标配氙气大灯 was added at 2019-03-13 15:05:23.926258, comes from 氙气
3月秦皇岛热销中 朗逸直降2.7万 was added at 2019-03-13 15:05:23.941848, comes from 氙气
3月网友口碑数据报告―上汽大通G10 was added at 2019-03-13 15:05:23.949617, comes from 氙气
18款林肯领航员3.5T 精致工艺量身打造 was added at 2019-03-13 15:05:23.957428, comes from 氙气
18款丰田塞纳改装配置 塞纳最新报价 was added at 2019-03-13 15:05:23.973045, comes from 氙气
奇点汽车牵手西门子 打造数字化智能工厂 was added at 2019-03-13 15:05:23.980975, comes from 西门子
打造智能工厂 奇点汽车/西门子签署合作 was added at 2019-03-13 15:05:23.988672, comes from 西门子
西门子为阿联酋天然气厂提供数字化及网络安全维护 was added at 2019-03-13 15:05:24.004297, comes from 西门子
西门子2018年在欧洲提交专利申请量超华为列第一 was added at 2019-03-13 15:05:24.012111, comes from 西门子
奇点合作西门子建设智能化工厂 was added at 2019-03-13 15:05:24.019927, comes from 西门子
华为去年在欧洲提交专利申请量名列第2 西门子第1 was added at 2019-03-13 15:05:24.035544, comes from 西门子
松下和西门子洗衣机哪个好,高端系列见分晓 was added at 2019-03-13 15:05:24.043363, comes from 西门子
西门子去年在欧洲提交专利申请数量最多华为排第二 was added at 2019-03-13 15:05:24.059005, comes from 西门子
get baidu.com news finished, now is 2019-03-13 15:05:24.066800
start downloading news from websites...2019-03-13 14:57:31.637150
collect_AL_news
collect_AP_news
collect_ccin_news
四部门:做好春耕化肥生产供应和价格稳定工作was added at 2019-03-13 14:57:59.027803
中石油高管：中美油气领域合作具有互补性  　　was added at 2019-03-13 14:57:59.043549
【智库研报】“智能+”：中国制造业数字化3.0时代was added at 2019-03-13 14:57:59.051256
代表委员热议煤炭清洁高效利用  collect_china_hydrogen_news
collect_cnpgn_news
collect_gasworld_news
New Flyer unveils Xcelsior CHARGE H2collect_linde_healthcare_and_engineering_news
collect_linde_news
collect_praxair_news
collect_teqi123_news
news collection finished at 2019-03-13 14:59:34.988730
start get BaiduNews...,now is 2019-03-13 14:59:34.988730
自热火锅安全吗?加热释放氢气 密闭空间慎用 was added at 2019-03-13 15:05:27.348091, comes from 氢气
埃尼和COREPLA同意用塑料包装废料生产氢气 was added at 2019-03-13 15:05:27.363680, comes from 氢气
欧曼LNG 西北区域上市 was added at 2019-03-13 15:05:27.371544, comes from LNG
国内最大LNG储罐上海开建,建成可供气84亿立方 was added at 2019-03-13 15:05:27.387123, comes from LNG
俄罗斯克麦罗沃州计划投资110亿卢布用于气化 was added at 2019-03-13 15:05:27.410549, comes from 气化
深冷股份3月13日快速反弹 was added at 2019-03-13 15:05:27.426165, comes from 深冷
庐江县120万吨合成气制乙二醇项目备案通过 was added at 2019-03-13 15:05:27.434096, comes from 合成气
煤制乙二醇的生产工艺、利润和将面临的挑战 was added at 2019-03-13 15:05:27.457445, comes from 合成气
3月13日山东省苏氨酸报价保持平稳 was added at 2019-03-13 15:05:27.473200, comes from 氨
鸡肉坚果对抗抑郁|化学物质_新浪财经_新浪网 was added at 2019-03-13 15:05:27.496630, comes from 氨
哈尔滨打好蓝天碧水净土保卫战 2018年空气质量优良310天 was added at 2019-03-13 15:05:27.512210, comes from 氨
除了营养美味 鸡肉坚果还可对抗抑郁 was added at 2019-03-13 15:05:27.519924, comes from 氨
RED将推出Pro camera版Hydrogen手机,面向专业级拍摄 was added at 2019-03-13 15:05:27.543443, comes from hydrogen
19款途乐XE4.0低配中东平行进口车价格。 was added at 2019-03-13 15:05:27.558987, comes from 氙气
get baidu.com news finished, now is 2019-03-13 15:05:27.566823
